Session name....... max_driver
Directory.......... CIVLREP
Date............... Thu Apr 11 21:51:03 EDT 2019
Trace ID........... 0
Violation number....... 0

== Begin Violation Message == 
Violation 0[length=334, file=CIVLREP/max_driver_0.trace]:
CIVL execution violation in p0 (kind: OUT_OF_BOUNDS, certainty: PROVEABLE)
at striped_cuckoo.cvl:248.8-22
    if (hash_vals[0][x] == -1) {
        ^^^^^^^^^^^^^^^

out of bounds array index:
index = 4
length = 4

Input:
  VAL_B=6
  THD_B=2
  STP_B=2
  nthreads=2
Context:
  forall _t : dynamicType . (0 <= CIVL_SIZEOF(_t) - 1)
  0<=(SIZEOF_INT-1)
Call stacks:
process 0:
  hash0 at striped_cuckoo.cvl:248.4-5 "if" called from
  acquire at striped_cuckoo.cvl:300.13-17 "hash0" called from
  set_contains at striped_cuckoo.cvl:328.4-10 "acquire" called from
  main at max_driver.cvl:183.26-37 "set_contains"

== End Violation Message == 

== Begin Configuration ==
-inputVAL_B=6
-inputTHD_B=2
-inputSTP_B=2
driver/max_driver.cvl
cuckoo/striped_cuckoo.cvl
== End Configuration ==

== Begin Trace ==
LENGTH = 334
334:0
== End Trace ==
